d:\document_lw\github\tensioncontrol\li_window_1\x64\debug\mainwindow.obj
d:\document_lw\github\tensioncontrol\li_window_1\x64\debug\moc_scatterdatamodifier.obj
d:\document_lw\github\tensioncontrol\li_window_1\x64\debug\getsensordata.obj
d:\document_lw\github\tensioncontrol\li_window_1\x64\debug\moc_getsensordata.obj
d:\document_lw\github\tensioncontrol\li_window_1\x64\debug\qrc_li.obj
d:\document_lw\github\tensioncontrol\li_window_1\x64\debug\motorcontrol.obj
d:\document_lw\github\tensioncontrol\li_window_1\x64\debug\moc_motorcontrol.obj
d:\document_lw\github\tensioncontrol\li_window_1\x64\debug\linkdisplay.obj
d:\document_lw\github\tensioncontrol\li_window_1\x64\debug\vrdisplay.obj
d:\document_lw\github\tensioncontrol\li_window_1\x64\debug\aboutdialog.obj
d:\document_lw\github\tensioncontrol\li_window_1\x64\debug\tensioncontrol.obj
d:\document_lw\github\tensioncontrol\li_window_1\x64\debug\moc_qcustomplot.obj
d:\document_lw\github\tensioncontrol\li_window_1\x64\debug\scatterdatamodifier.obj
d:\document_lw\github\tensioncontrol\li_window_1\x64\debug\moc_aboutdialog.obj
d:\document_lw\github\tensioncontrol\li_window_1\x64\debug\moc_linkdisplay.obj
d:\document_lw\github\tensioncontrol\li_window_1\x64\debug\moc_tensioncontrol.obj
d:\document_lw\github\tensioncontrol\li_window_1\x64\debug\main.obj
d:\document_lw\github\tensioncontrol\li_window_1\x64\debug\moc_mainwindow.obj
d:\document_lw\github\tensioncontrol\li_window_1\x64\debug\qcustomplot.obj
d:\document_lw\github\tensioncontrol\li_window_1\x64\debug\moc_vrdisplay.obj
d:\document_lw\github\tensioncontrol\li_window_1\x64\debug\vc140.pdb
d:\document_lw\github\tensioncontrol\li_window_1\debug\moc_predefs.h
d:\document_lw\github\tensioncontrol\li_window_1\debug\li_window_1.ilk
d:\document_lw\github\tensioncontrol\li_window_1\debug\li_window_1.exe
d:\document_lw\github\tensioncontrol\li_window_1\debug\li_window_1.pdb
d:\document_lw\github\tensioncontrol\li_window_1\generatedfiles\debug\moc_aboutdialog.cpp
d:\document_lw\github\tensioncontrol\li_window_1\generatedfiles\debug\moc_getsensordata.cpp
d:\document_lw\github\tensioncontrol\li_window_1\generatedfiles\debug\moc_linkdisplay.cpp
d:\document_lw\github\tensioncontrol\li_window_1\generatedfiles\debug\moc_mainwindow.cpp
d:\document_lw\github\tensioncontrol\li_window_1\generatedfiles\debug\moc_motorcontrol.cpp
d:\document_lw\github\tensioncontrol\li_window_1\generatedfiles\debug\moc_qcustomplot.cpp
d:\document_lw\github\tensioncontrol\li_window_1\generatedfiles\debug\moc_scatterdatamodifier.cpp
d:\document_lw\github\tensioncontrol\li_window_1\generatedfiles\debug\moc_tensioncontrol.cpp
d:\document_lw\github\tensioncontrol\li_window_1\generatedfiles\debug\moc_vrdisplay.cpp
d:\document_lw\github\tensioncontrol\li_window_1\generatedfiles\qrc_li.cpp
d:\document_lw\github\tensioncontrol\li_window_1\generatedfiles\ui_aboutdialog.h
d:\document_lw\github\tensioncontrol\li_window_1\generatedfiles\ui_mainwindow.h
d:\document_lw\github\tensioncontrol\li_window_1\.\generatedfiles\debug\moc_aboutdialog.cpp
d:\document_lw\github\tensioncontrol\li_window_1\.\generatedfiles\debug\moc_getsensordata.cpp
d:\document_lw\github\tensioncontrol\li_window_1\.\generatedfiles\debug\moc_linkdisplay.cpp
d:\document_lw\github\tensioncontrol\li_window_1\.\generatedfiles\debug\moc_mainwindow.cpp
d:\document_lw\github\tensioncontrol\li_window_1\.\generatedfiles\debug\moc_motorcontrol.cpp
d:\document_lw\github\tensioncontrol\li_window_1\.\generatedfiles\debug\moc_qcustomplot.cpp
d:\document_lw\github\tensioncontrol\li_window_1\.\generatedfiles\debug\moc_scatterdatamodifier.cpp
d:\document_lw\github\tensioncontrol\li_window_1\.\generatedfiles\debug\moc_tensioncontrol.cpp
d:\document_lw\github\tensioncontrol\li_window_1\.\generatedfiles\debug\moc_vrdisplay.cpp
d:\document_lw\github\tensioncontrol\li_window_1\.\generatedfiles\qrc_li.cpp
d:\document_lw\github\tensioncontrol\li_window_1\.\generatedfiles\ui_aboutdialog.h
d:\document_lw\github\tensioncontrol\li_window_1\.\generatedfiles\ui_mainwindow.h
d:\document_lw\github\tensioncontrol\li_window_1\x64\debug\li_window_1.tlog\cl.command.1.tlog
d:\document_lw\github\tensioncontrol\li_window_1\x64\debug\li_window_1.tlog\cl.read.1.tlog
d:\document_lw\github\tensioncontrol\li_window_1\x64\debug\li_window_1.tlog\cl.write.1.tlog
d:\document_lw\github\tensioncontrol\li_window_1\x64\debug\li_window_1.tlog\custombuild.command.1.tlog
d:\document_lw\github\tensioncontrol\li_window_1\x64\debug\li_window_1.tlog\custombuild.read.1.tlog
d:\document_lw\github\tensioncontrol\li_window_1\x64\debug\li_window_1.tlog\custombuild.write.1.tlog
d:\document_lw\github\tensioncontrol\li_window_1\x64\debug\li_window_1.tlog\link.command.1.tlog
d:\document_lw\github\tensioncontrol\li_window_1\x64\debug\li_window_1.tlog\link.read.1.tlog
d:\document_lw\github\tensioncontrol\li_window_1\x64\debug\li_window_1.tlog\link.write.1.tlog
d:\document_lw\github\tensioncontrol\li_window_1\x64\debug\li_window_1.tlog\li_window_1.write.1u.tlog
d:\document_lw\github\tensioncontrol\li_window_1\x64\debug\li_window_1.tlog\qtmoc.read.1u.tlog
d:\document_lw\github\tensioncontrol\li_window_1\x64\debug\li_window_1.tlog\qtmoc.write.1u.tlog
d:\document_lw\github\tensioncontrol\li_window_1\x64\debug\li_window_1.tlog\qtrcc.read.1u.tlog
d:\document_lw\github\tensioncontrol\li_window_1\x64\debug\li_window_1.tlog\qtrcc.write.1u.tlog
d:\document_lw\github\tensioncontrol\li_window_1\x64\debug\li_window_1.tlog\qtuic.read.1u.tlog
d:\document_lw\github\tensioncontrol\li_window_1\x64\debug\li_window_1.tlog\qtuic.write.1u.tlog
